<?xml version="1.0" encoding="UTF-8"?>
<!-- Generated by org.testng.reporters.JUnitXMLReporter -->
<testsuite ignored="0" hostname="gipl-226" failures="0" tests="3" name="Default test" time="118.141" errors="0" timestamp="2023-05-03T19:29:11 IST">
  <testcase classname="com.alod.test.TC_001" name="launchURL" time="3.952"/>
  <testcase classname="com.alod.test.TC_001" name="businessLogin" time="0.585"/>
  <testcase classname="com.alod.test.TC_001" name="createBooking_DHL" time="111.553"/>
</testsuite> <!-- Default test -->
